<?xml version="1.0" encoding="UTF-8"?>
<!-- Generated by org.testng.reporters.JUnitXMLReporter -->
<testsuite hostname="DESKTOP-P8DVLOU" name="Test4" tests="1" failures="1" timestamp="4 Jan 2018 08:11:57 GMT" time="5.063" errors="0">
  <testcase name="tc_verifyOpen" time="1.531" classname="com.leanftproject.ts_Banking">
    <failure type="java.lang.AssertionError" message="Failed Cannot access the URL. URL : http://lanka.ws/banking. Actual Error : An interface has too many methods to fire events from (Exception from HRESULT: 0x80040209)
Verification failures : 
 [At : com.leanftproject.Lib_Banking.bc_verifyOpen(Line:208)]
">
      <![CDATA[java.lang.AssertionError: Failed Cannot access the URL. URL : http://lanka.ws/banking. Actual Error : An interface has too many methods to fire events from (Exception from HRESULT: 0x80040209)
Verification failures : 
 [At : com.leanftproject.Lib_Banking.bc_verifyOpen(Line:208)]

	at com.thoughtworks.leanft.LeanFTTestBaseVir.failure(LeanFTTestBaseVir.java:448)
	at com.thoughtworks.leanft.LeanFTTestBaseVir.assertTrue(LeanFTTestBaseVir.java:462)
	at com.virtusa.isq.vtaf.runtime.LeanFTTestBase.checkTrue(LeanFTTestBase.java:492)
	at com.virtusa.isq.vtaf.runtime.LeanFTTestBase.doOpen(LeanFTTestBase.java:466)
	at com.virtusa.isq.vtaf.runtime.LeanFTTestBase.open(LeanFTTestBase.java:405)
	at com.virtusa.isq.vtaf.runtime.LeanFTTestBase.open(LeanFTTestBase.java:387)
	at com.leanftproject.Lib_Banking.bc_verifyOpen(Lib_Banking.java:208)
	at com.leanftproject.ts_Banking.tc_verifyOpen(ts_Banking.java:82)
... Removed 24 stack frames]]>
    </failure>
  </testcase> <!-- tc_verifyOpen -->
</testsuite> <!-- Test4 -->
