<?xml version="1.0" encoding="UTF-8"?>
<!-- Generated by org.testng.reporters.JUnitXMLReporter -->
<testsuite hostname="DESKTOP-P8DVLOU" name="Test2" tests="1" failures="1" timestamp="3 Jan 2018 10:24:52 GMT" time="31.234" errors="0">
  <testcase name="tc_verify100stepTestcase" time="27.146" classname="com.leanftproject.ts_Test">
    <failure type="java.lang.AssertionError" message="Failed Cannot access the URL. URL : http://lanka.ws/banking. Actual Error : An interface has too many methods to fire events from (Exception from HRESULT: 0x80040209)
Verification failures : 
 [At : com.leanftproject.Lib_Banking.bc_verify100stepTestcase(Line:596)]
">
      <![CDATA[java.lang.AssertionError: Failed Cannot access the URL. URL : http://lanka.ws/banking. Actual Error : An interface has too many methods to fire events from (Exception from HRESULT: 0x80040209)
Verification failures : 
 [At : com.leanftproject.Lib_Banking.bc_verify100stepTestcase(Line:596)]

	at com.thoughtworks.leanft.LeanFTTestBaseVir.failure(LeanFTTestBaseVir.java:448)
	at com.thoughtworks.leanft.LeanFTTestBaseVir.assertTrue(LeanFTTestBaseVir.java:462)
	at com.virtusa.isq.vtaf.runtime.LeanFTTestBase.checkTrue(LeanFTTestBase.java:492)
	at com.virtusa.isq.vtaf.runtime.LeanFTTestBase.doOpen(LeanFTTestBase.java:466)
	at com.virtusa.isq.vtaf.runtime.LeanFTTestBase.open(LeanFTTestBase.java:405)
	at com.virtusa.isq.vtaf.runtime.LeanFTTestBase.open(LeanFTTestBase.java:387)
	at com.leanftproject.Lib_Banking.bc_verify100stepTestcase(Lib_Banking.java:596)
	at com.leanftproject.ts_Test.tc_verify100stepTestcase(ts_Test.java:24)
	at java.util.concurrent.FutureTask.run(Unknown Source)
	at java.util.concurrent.ThreadPoolExecutor.runWorker(Unknown Source)
	at java.util.concurrent.ThreadPoolExecutor$Worker.run(Unknown Source)
	at java.lang.Thread.run(Unknown Source)
... Removed 16 stack frames]]>
    </failure>
  </testcase> <!-- tc_verify100stepTestcase -->
</testsuite> <!-- Test2 -->
