<?xml version="1.0" encoding="UTF-8"?>
<testng-results skipped="0" failed="0" total="1" passed="1">
  <reporter-output>
  </reporter-output>
  <suite name="Default suite" duration-ms="160939" started-at="2018-01-05T12:53:18Z" finished-at="2018-01-05T12:55:59Z">
    <groups>
    </groups>
    <test name="Default test" duration-ms="160939" started-at="2018-01-05T12:53:18Z" finished-at="2018-01-05T12:55:59Z">
      <class name="com.leanftproject.ts_Banking">
        <test-method status="PASS" signature="readRunProp()[pri:0, instance:com.leanftproject.ts_Banking@6c130c45]" name="readRunProp" is-config="true" duration-ms="454" started-at="2018-01-05T18:23:17Z" finished-at="2018-01-05T18:23:18Z">
          <reporter-output>
          </reporter-output>
        </test-method> <!-- readRunProp -->
        <test-method status="PASS" signature="setUp(java.lang.String, java.lang.String, org.testng.ITestContext, java.lang.String)[pri:0, instance:com.leanftproject.ts_Banking@6c130c45]" name="setUp" is-config="true" duration-ms="281" started-at="2018-01-05T18:23:18Z" finished-at="2018-01-05T18:23:18Z">
          <params>
            <param index="0">
              <value>
                <![CDATA[http://www.google.com]]>
              </value>
            </param>
            <param index="1">
              <value is-null="true"/>
            </param>
            <param index="2">
              <value>
                <![CDATA[org.testng.TestRunner@2257fadf]]>
              </value>
            </param>
            <param index="3">
              <value is-null="true"/>
            </param>
          </params>
          <reporter-output>
          </reporter-output>
        </test-method> <!-- setUp -->
        <test-method status="PASS" signature="getSelenium()[pri:0, instance:com.leanftproject.ts_Banking@6c130c45]" name="getSelenium" is-config="true" duration-ms="0" started-at="2018-01-05T18:23:18Z" finished-at="2018-01-05T18:23:18Z">
          <reporter-output>
          </reporter-output>
        </test-method> <!-- getSelenium -->
        <test-method status="PASS" signature="setTestContext(java.lang.String, java.lang.reflect.Method)[pri:0, instance:com.leanftproject.ts_Banking@6c130c45]" name="setTestContext" is-config="true" duration-ms="1313" started-at="2018-01-05T18:23:18Z" finished-at="2018-01-05T18:23:19Z">
          <params>
            <param index="0">
              <value is-null="true"/>
            </param>
            <param index="1">
              <value>
                <![CDATA[public void com.leanftproject.ts_Banking.testwebservice() throws com.hp.lft.sdk.GeneralLeanFtException]]>
              </value>
            </param>
          </params>
          <reporter-output>
          </reporter-output>
        </test-method> <!-- setTestContext -->
        <test-method status="PASS" signature="testwebservice()[pri:0, instance:com.leanftproject.ts_Banking@6c130c45]" name="testwebservice" duration-ms="158691" started-at="2018-01-05T18:23:19Z" finished-at="2018-01-05T18:25:58Z">
          <reporter-output>
          </reporter-output>
        </test-method> <!-- testwebservice -->
        <test-method status="PASS" signature="checkForVerificationError()[pri:0, instance:com.leanftproject.ts_Banking@6c130c45]" name="checkForVerificationError" is-config="true" duration-ms="577" started-at="2018-01-05T18:25:58Z" finished-at="2018-01-05T18:25:59Z">
          <reporter-output>
          </reporter-output>
        </test-method> <!-- checkForVerificationError -->
        <test-method status="PASS" signature="cleanupSessions()[pri:0, instance:com.leanftproject.ts_Banking@6c130c45]" name="cleanupSessions" is-config="true" duration-ms="62" started-at="2018-01-05T18:25:59Z" finished-at="2018-01-05T18:25:59Z">
          <reporter-output>
          </reporter-output>
        </test-method> <!-- cleanupSessions -->
        <test-method status="PASS" signature="tearDownSuite()[pri:0, instance:com.leanftproject.ts_Banking@6c130c45]" name="tearDownSuite" is-config="true" duration-ms="616" started-at="2018-01-05T18:25:59Z" finished-at="2018-01-05T18:25:59Z">
          <reporter-output>
          </reporter-output>
        </test-method> <!-- tearDownSuite -->
      </class> <!-- com.leanftproject.ts_Banking -->
    </test> <!-- Default test -->
  </suite> <!-- Default suite -->
</testng-results>
